<?xml version="1.0" encoding="UTF-8"?>
<!-- Generated by org.testng.reporters.JUnitReportReporter -->
<testsuite hostname="DESKTOP-P3PMUS6" failures="0" tests="1" name="SeleniumFrameworkDesign.tests.appLogin" time="13.314" errors="0" timestamp="30 Jan 2023 06:13:39 GMT">
  <testcase classname="SeleniumFrameworkDesign.tests.appLogin" name="appLoginTest" time="13.314"/>
</testsuite> <!-- SeleniumFrameworkDesign.tests.appLogin -->
