<?xml version="1.0" encoding="UTF-8"?>
<!-- Generated by org.testng.reporters.JUnitReportReporter -->
<testsuite hostname="DESKTOP-P3PMUS6" failures="0" tests="1" name="SeleniumFrameworkDesign.tests.ErrorValidations" time="6.271" errors="0" timestamp="30 Jan 2023 06:03:30 GMT">
  <testcase classname="SeleniumFrameworkDesign.tests.ErrorValidations" name="appLoginTest" time="6.271"/>
</testsuite> <!-- SeleniumFrameworkDesign.tests.ErrorValidations -->
